<?xml version="1.0" encoding="UTF-8"?>
<!-- Generated by org.testng.reporters.JUnitReportReporter -->
<testsuite hostname="Silver_knight" failures="0" tests="3" name="com.germany.AppGermany" time="17.468" errors="0" timestamp="10 Sep 2024 06:02:03 GMT" skipped="0">
  <testcase classname="com.germany.AppGermany" name="loginPage" time="4.689"/>
  <testcase classname="com.germany.AppGermany" name="validCredentials" time="7.121"/>
  <testcase classname="com.germany.AppGermany" name="invalidCredentials" time="5.658"/>
</testsuite> <!-- com.germany.AppGermany -->
